Using GATK jar /home/victor/Project/WES/.snakemake/conda/ad8a041d8ab2b6159985f26b3200d65e_/share/gatk4-4.4.0.0-0/gatk-package-4.4.0.0-local.jar
Running:
    java -Dsamjdk.use_async_io_read_samtools=false -Dsamjdk.use_async_io_write_samtools=true -Dsamjdk.use_async_io_write_tribble=false -Dsamjdk.compression_level=2 -Xmx819M -jar /home/victor/Project/WES/.snakemake/conda/ad8a041d8ab2b6159985f26b3200d65e_/share/gatk4-4.4.0.0-0/gatk-package-4.4.0.0-local.jar BaseRecalibrator --input results/prepared/SRR24443168.aligned.cram --reference /home/victor/DataHub/GATK/Homo_sapiens_assembly38.fasta --known-sites /home/victor/DataHub/GATK/Homo_sapiens_assembly38.dbsnp138.vcf.gz --tmp-dir /tmp/tmprdmq_amb --output results/prepared/SRR24443168.grp
14:50:32.050 INFO  NativeLibraryLoader - Loading libgkl_compression.so from jar:file:/home/victor/Project/WES/.snakemake/conda/ad8a041d8ab2b6159985f26b3200d65e_/share/gatk4-4.4.0.0-0/gatk-package-4.4.0.0-local.jar!/com/intel/gkl/native/libgkl_compression.so
14:50:32.483 INFO  BaseRecalibrator - ------------------------------------------------------------
14:50:32.530 INFO  BaseRecalibrator - The Genome Analysis Toolkit (GATK) v4.4.0.0
14:50:32.531 INFO  BaseRecalibrator - For support and documentation go to https://software.broadinstitute.org/gatk/
14:50:32.534 INFO  BaseRecalibrator - Executing as victor@shpc-1385-instance-rVoBySAX on Linux v5.15.0-71-generic amd64
14:50:32.535 INFO  BaseRecalibrator - Java runtime: OpenJDK 64-Bit Server VM v17.0.3-internal+0-adhoc..src
14:50:32.535 INFO  BaseRecalibrator - Start Date/Time: May 24, 2023 at 2:50:31 PM CST
14:50:32.535 INFO  BaseRecalibrator - ------------------------------------------------------------
14:50:32.535 INFO  BaseRecalibrator - ------------------------------------------------------------
14:50:32.537 INFO  BaseRecalibrator - HTSJDK Version: 3.0.5
14:50:32.537 INFO  BaseRecalibrator - Picard Version: 3.0.0
14:50:32.538 INFO  BaseRecalibrator - Built for Spark Version: 3.3.1
14:50:32.539 INFO  BaseRecalibrator - HTSJDK Defaults.COMPRESSION_LEVEL : 2
14:50:32.539 INFO  BaseRecalibrator - HTSJDK Defaults.USE_ASYNC_IO_READ_FOR_SAMTOOLS : false
14:50:32.539 INFO  BaseRecalibrator - HTSJDK Defaults.USE_ASYNC_IO_WRITE_FOR_SAMTOOLS : true
14:50:32.540 INFO  BaseRecalibrator - HTSJDK Defaults.USE_ASYNC_IO_WRITE_FOR_TRIBBLE : false
14:50:32.540 INFO  BaseRecalibrator - Deflater: IntelDeflater
14:50:32.540 INFO  BaseRecalibrator - Inflater: IntelInflater
14:50:32.541 INFO  BaseRecalibrator - GCS max retries/reopens: 20
14:50:32.541 INFO  BaseRecalibrator - Requester pays: disabled
14:50:32.542 INFO  BaseRecalibrator - Initializing engine
14:50:34.824 INFO  FeatureManager - Using codec VCFCodec to read file file:///home/victor/DataHub/GATK/Homo_sapiens_assembly38.dbsnp138.vcf.gz
14:50:35.823 INFO  BaseRecalibrator - Done initializing engine
14:50:35.862 INFO  BaseRecalibrationEngine - The covariates being used here: 
14:50:35.863 INFO  BaseRecalibrationEngine - 	ReadGroupCovariate
14:50:35.870 INFO  BaseRecalibrationEngine - 	QualityScoreCovariate
14:50:35.870 INFO  BaseRecalibrationEngine - 	ContextCovariate
14:50:35.870 INFO  BaseRecalibrationEngine - 	CycleCovariate
14:50:36.084 INFO  ProgressMeter - Starting traversal
14:50:36.085 INFO  ProgressMeter -        Current Locus  Elapsed Minutes       Reads Processed     Reads/Minute
14:50:46.215 INFO  ProgressMeter -         chr1:1645274              0.2                 78000         462267.9
14:50:56.234 INFO  ProgressMeter -         chr1:6128893              0.3                207000         616438.4
14:51:06.236 INFO  ProgressMeter -        chr1:10262120              0.5                347000         690570.2
14:51:16.238 INFO  ProgressMeter -        chr1:15425891              0.7                529000         790496.1
14:51:26.260 INFO  ProgressMeter -        chr1:19138856              0.8                706000         844262.0
14:51:36.373 INFO  ProgressMeter -        chr1:23724159              1.0                899000         894779.6
14:51:46.581 INFO  ProgressMeter -        chr1:28120227              1.2               1096000         932818.9
14:51:56.616 INFO  ProgressMeter -        chr1:32324379              1.3               1240000         923867.8
14:52:06.775 INFO  ProgressMeter -        chr1:36308064              1.5               1386000         917050.8
14:52:16.771 INFO  ProgressMeter -        chr1:41510338              1.7               1568000         934390.1
14:52:26.873 INFO  ProgressMeter -        chr1:46184289              1.8               1778000         962928.9
14:52:36.929 INFO  ProgressMeter -        chr1:52696593              2.0               1935000         960758.7
14:52:46.946 INFO  ProgressMeter -        chr1:58689052              2.2               2082000         954608.0
14:52:56.964 INFO  ProgressMeter -        chr1:66277109              2.3               2204000         938684.5
14:53:07.017 INFO  ProgressMeter -        chr1:77307741              2.5               2341000         930623.9
14:53:17.058 INFO  ProgressMeter -        chr1:87895531              2.7               2477000         923260.4
14:53:27.083 INFO  ProgressMeter -        chr1:96881367              2.8               2638000         925624.9
14:53:37.101 INFO  ProgressMeter -       chr1:107057866              3.0               2740000         908212.0
14:53:47.282 INFO  ProgressMeter -       chr1:112069801              3.2               2901000         910374.7
14:53:57.401 INFO  ProgressMeter -       chr1:119915432              3.4               3089000         920665.0
14:54:07.414 INFO  ProgressMeter -       chr1:149031820              3.5               3211000         911663.4
14:54:17.481 INFO  ProgressMeter -       chr1:153659076              3.7               3428000         929014.1
14:54:27.499 INFO  ProgressMeter -       chr1:156592523              3.9               3635000         942470.8
14:54:37.523 INFO  ProgressMeter -       chr1:161098875              4.0               3854000         957761.4
14:54:47.734 INFO  ProgressMeter -       chr1:168530202              4.2               4021000         958716.3
14:54:57.877 INFO  ProgressMeter -       chr1:175340811              4.4               4170000         955724.2
14:55:07.898 INFO  ProgressMeter -       chr1:182124326              4.5               4320000         953596.8
14:55:17.899 INFO  ProgressMeter -       chr1:191302364              4.7               4475000         952756.1
14:55:28.039 INFO  ProgressMeter -       chr1:201211144              4.9               4613000         948029.3
14:55:38.073 INFO  ProgressMeter -       chr1:205094835              5.0               4797000         953087.4
14:55:48.096 INFO  ProgressMeter -       chr1:209627033              5.2               4938000         949581.9
14:55:58.099 INFO  ProgressMeter -       chr1:216707282              5.4               5081000         946729.0
14:56:08.107 INFO  ProgressMeter -       chr1:224389778              5.5               5213000         942046.0
14:56:18.115 INFO  ProgressMeter -       chr1:229330200              5.7               5369000         941850.0
14:56:28.221 INFO  ProgressMeter -       chr1:235778006              5.9               5522000         940889.1
14:56:38.699 INFO  ProgressMeter -       chr1:243925376              6.0               5660000         936535.6
14:56:48.703 INFO  ProgressMeter -          chr2:277057              6.2               5779000         930550.9
14:56:58.732 INFO  ProgressMeter -         chr2:7788831              6.4               5873000         920901.0
14:57:08.779 INFO  ProgressMeter -        chr2:14289258              6.5               5996000         916135.5
14:57:18.800 INFO  ProgressMeter -        chr2:23786134              6.7               6132000         913598.9
14:57:28.872 INFO  ProgressMeter -        chr2:27858363              6.9               6341000         921688.2
14:57:38.938 INFO  ProgressMeter -        chr2:33520564              7.0               6485000         920180.1
14:57:48.952 INFO  ProgressMeter -        chr2:41938352              7.2               6607000         915800.9
14:57:58.986 INFO  ProgressMeter -        chr2:48459898              7.4               6748000         914154.6
14:58:09.020 INFO  ProgressMeter -        chr2:57734554              7.5               6871000         910196.8
14:58:19.039 INFO  ProgressMeter -        chr2:65783142              7.7               7002000         907476.8
14:58:29.072 INFO  ProgressMeter -        chr2:73399373              7.9               7171000         909667.5
14:58:39.170 INFO  ProgressMeter -        chr2:81046603              8.1               7313000         908289.2
14:58:49.193 INFO  ProgressMeter -        chr2:88590868              8.2               7449000         906375.3
14:58:59.204 INFO  ProgressMeter -        chr2:97951270              8.4               7619000         908612.1
14:59:09.284 INFO  ProgressMeter -       chr2:104480444              8.6               7759000         907133.5
14:59:19.364 INFO  ProgressMeter -       chr2:111307912              8.7               7873000         902735.8
14:59:29.388 INFO  ProgressMeter -       chr2:119242689              8.9               7994000         899377.8
14:59:39.459 INFO  ProgressMeter -       chr2:127000608              9.1               8099000         894301.2
14:59:49.470 INFO  ProgressMeter -       chr2:133105715              9.2               8250000         894496.4
14:59:59.714 INFO  ProgressMeter -       chr2:142305100              9.4               8370000         891013.2
15:00:09.732 INFO  ProgressMeter -       chr2:152237364              9.6               8493000         888316.3
15:00:19.830 INFO  ProgressMeter -       chr2:161366940              9.7               8614000         885388.1
15:00:29.878 INFO  ProgressMeter -       chr2:169237123              9.9               8747000         883844.8
15:00:39.941 INFO  ProgressMeter -       chr2:176809498             10.1               8905000         884813.6
15:00:49.990 INFO  ProgressMeter -       chr2:182241943             10.2               9065000         885989.3
15:01:00.001 INFO  ProgressMeter -       chr2:190900586             10.4               9184000         883197.2
15:01:10.014 INFO  ProgressMeter -       chr2:200641163             10.6               9320000         882119.1
15:01:20.037 INFO  ProgressMeter -       chr2:208315275             10.7               9511000         886190.9
15:01:30.109 INFO  ProgressMeter -       chr2:216660785             10.9               9646000         884923.0
15:01:40.220 INFO  ProgressMeter -       chr2:220483667             11.1               9831000         888164.1
15:01:50.259 INFO  ProgressMeter -       chr2:228992600             11.2               9962000         886597.4
15:02:00.268 INFO  ProgressMeter -       chr2:233690415             11.4              10122000         887658.5
15:02:10.313 INFO  ProgressMeter -       chr2:240505414             11.6              10300000         890198.7
15:02:20.320 INFO  ProgressMeter -         chr3:5036077             11.7              10453000         890583.4
15:02:30.353 INFO  ProgressMeter -        chr3:12140455             11.9              10613000         891515.4
15:02:40.478 INFO  ProgressMeter -        chr3:20152420             12.1              10802000         894707.7
15:02:50.500 INFO  ProgressMeter -        chr3:31111379             12.2              10907000         891076.6
15:03:00.528 INFO  ProgressMeter -        chr3:37063703             12.4              11012000         887536.1
15:03:10.573 INFO  ProgressMeter -        chr3:42187922             12.6              11161000         887571.1
15:03:20.621 INFO  ProgressMeter -        chr3:47007276             12.7              11329000         889089.4
15:03:30.650 INFO  ProgressMeter -        chr3:49653549             12.9              11516000         892063.1
15:03:40.696 INFO  ProgressMeter -        chr3:52383239             13.1              11698000         894559.1
15:03:50.736 INFO  ProgressMeter -        chr3:57371002             13.2              11860000         895488.6
15:04:00.736 INFO  ProgressMeter -        chr3:63652663             13.4              11964000         892114.6
15:04:10.800 INFO  ProgressMeter -        chr3:71710405             13.6              12077000         889416.4
15:04:20.925 INFO  ProgressMeter -        chr3:80513933             13.7              12169000         885190.9
15:04:31.000 INFO  ProgressMeter -        chr3:95408247             13.9              12249000         880257.3
15:04:41.061 INFO  ProgressMeter -       chr3:103836546             14.1              12370000         878370.2
15:04:51.103 INFO  ProgressMeter -       chr3:113594817             14.3              12509000         877806.1
15:05:01.109 INFO  ProgressMeter -       chr3:121622858             14.4              12635000         876393.9
15:05:11.116 INFO  ProgressMeter -       chr3:126450472             14.6              12790000         876997.5
15:05:21.121 INFO  ProgressMeter -       chr3:132579024             14.8              12978000         879828.6
15:05:31.130 INFO  ProgressMeter -       chr3:138091579             14.9              13080000         876828.4
15:05:41.399 INFO  ProgressMeter -       chr3:139373555             15.1              13118000         869401.0
15:05:51.398 INFO  ProgressMeter -       chr3:144375014             15.3              13209000         865867.7
15:06:01.427 INFO  ProgressMeter -       chr3:154897881             15.4              13340000         864978.4
15:06:11.470 INFO  ProgressMeter -       chr3:164684526             15.6              13456000         863132.1
15:06:21.478 INFO  ProgressMeter -       chr3:174605146             15.8              13587000         862308.1
15:06:31.595 INFO  ProgressMeter -       chr3:183607290             15.9              13697000         860099.6
15:06:41.640 INFO  ProgressMeter -       chr3:188406276             16.1              13864000         861515.8
15:06:51.664 INFO  ProgressMeter -       chr3:195542964             16.3              13970000         859183.0
15:07:01.665 INFO  ProgressMeter -         chr4:1845551             16.4              14131000         860265.9
15:07:11.673 INFO  ProgressMeter -         chr4:6288958             16.6              14277000         860417.0
15:07:21.801 INFO  ProgressMeter -        chr4:10939071             16.8              14392000         858613.0
15:07:32.041 INFO  ProgressMeter -        chr4:18783216             16.9              14492000         855865.5
15:07:42.244 INFO  ProgressMeter -        chr4:28812166             17.1              14602000         853786.6
15:07:52.254 INFO  ProgressMeter -        chr4:39126503             17.3              14690000         850634.3
15:08:02.362 INFO  ProgressMeter -        chr4:46208532             17.4              14800000         848724.4
15:08:12.371 INFO  ProgressMeter -        chr4:54709360             17.6              14904000         846588.9
15:08:22.434 INFO  ProgressMeter -        chr4:62756931             17.8              14993000         843610.7
15:08:32.457 INFO  ProgressMeter -        chr4:71437030             17.9              15091000         841215.5
15:08:42.485 INFO  ProgressMeter -        chr4:77112710             18.1              15204000         839691.5
15:08:52.527 INFO  ProgressMeter -        chr4:86364865             18.3              15344000         839662.1
15:09:02.526 INFO  ProgressMeter -        chr4:95154489             18.4              15464000         838580.6
15:09:12.569 INFO  ProgressMeter -       chr4:103937018             18.6              15579000         837218.3
15:09:22.586 INFO  ProgressMeter -       chr4:113363399             18.8              15724000         837496.7
15:09:32.644 INFO  ProgressMeter -       chr4:122739889             18.9              15841000         836261.0
15:09:42.678 INFO  ProgressMeter -       chr4:134380412             19.1              15950000         834647.4
15:09:52.698 INFO  ProgressMeter -       chr4:144737557             19.3              16067000         833486.1
15:10:02.697 INFO  ProgressMeter -       chr4:154799153             19.4              16227000         834570.5
15:10:12.722 INFO  ProgressMeter -       chr4:166937936             19.6              16351000         833783.8
15:10:22.784 INFO  ProgressMeter -       chr4:178074500             19.8              16470000         832730.8
15:10:32.830 INFO  ProgressMeter -       chr4:186209140             19.9              16588000         831656.6
15:10:43.229 INFO  ProgressMeter -         chr5:1282481             20.1              16681000         829114.0
15:10:53.255 INFO  ProgressMeter -         chr5:7457302             20.3              16763000         826326.6
15:11:03.301 INFO  ProgressMeter -        chr5:14476904             20.5              16862000         824403.2
15:11:13.375 INFO  ProgressMeter -        chr5:25299018             20.6              16964000         822636.6
15:11:23.412 INFO  ProgressMeter -        chr5:35242161             20.8              17082000         821693.8
15:11:33.475 INFO  ProgressMeter -        chr5:43388265             21.0              17236000         822465.6
15:11:43.514 INFO  ProgressMeter -        chr5:57083562             21.1              17365000         822058.5
15:11:53.572 INFO  ProgressMeter -        chr5:68481407             21.3              17510000         822395.8
15:12:03.592 INFO  ProgressMeter -        chr5:79291176             21.5              17670000         823452.5
15:12:13.623 INFO  ProgressMeter -        chr5:90783164             21.6              17815000         823792.8
15:12:23.980 INFO  ProgressMeter -       chr5:102036328             21.8              17939000         822956.0
15:12:34.005 INFO  ProgressMeter -       chr5:112198270             22.0              18031000         820885.0
15:12:44.462 INFO  ProgressMeter -       chr5:118681877             22.1              18113000         818126.2
15:12:56.991 INFO  ProgressMeter -       chr5:127794297             22.3              18226000         815538.2
15:13:07.010 INFO  ProgressMeter -       chr5:134388475             22.5              18359000         815397.5
15:13:17.031 INFO  ProgressMeter -       chr5:141135817             22.7              18588000         819488.8
15:13:27.124 INFO  ProgressMeter -       chr5:148395026             22.9              18776000         821684.0
15:13:37.133 INFO  ProgressMeter -       chr5:154907659             23.0              18975000         824374.0
15:13:47.136 INFO  ProgressMeter -       chr5:163911935             23.2              19110000         824269.4
15:13:57.140 INFO  ProgressMeter -       chr5:172768914             23.4              19251000         824421.6
15:14:07.172 INFO  ProgressMeter -       chr5:178471954             23.5              19419000         825703.9
15:14:17.228 INFO  ProgressMeter -         chr6:2671371             23.7              19567000         826110.3
15:14:27.265 INFO  ProgressMeter -        chr6:10159215             23.9              19696000         825724.8
15:14:37.736 INFO  ProgressMeter -        chr6:18121415             24.0              19836000         825554.1
15:14:47.870 INFO  ProgressMeter -        chr6:25709008             24.2              19945000         824297.9
15:14:57.990 INFO  ProgressMeter -        chr6:33834425             24.4              20080000         824130.7
15:15:08.053 INFO  ProgressMeter -        chr6:38990043             24.5              20263000         825955.5
15:15:18.067 INFO  ProgressMeter -        chr6:43546645             24.7              20457000         828229.2
15:15:28.110 INFO  ProgressMeter -        chr6:50420300             24.9              20598000         828324.5
15:15:38.420 INFO  ProgressMeter -        chr6:58209951             25.0              20747000         828590.7
15:15:48.460 INFO  ProgressMeter -        chr6:72235747             25.2              20849000         827136.7
15:15:58.512 INFO  ProgressMeter -        chr6:81750030             25.4              20965000         826249.8
15:16:08.512 INFO  ProgressMeter -        chr6:90560109             25.5              21118000         826845.3
15:16:18.533 INFO  ProgressMeter -       chr6:102243903             25.7              21214000         825208.3
15:16:28.534 INFO  ProgressMeter -       chr6:110209152             25.9              21338000         824684.1
15:16:38.677 INFO  ProgressMeter -       chr6:117041182             26.0              21445000         823440.0
15:16:48.694 INFO  ProgressMeter -       chr6:129058525             26.2              21569000         822925.5
15:16:58.832 INFO  ProgressMeter -       chr6:135202973             26.4              21682000         821938.6
15:17:08.900 INFO  ProgressMeter -       chr6:141185385             26.5              21777000         820323.3
15:17:18.969 INFO  ProgressMeter -       chr6:148833333             26.7              21890000         819398.5
15:17:29.021 INFO  ProgressMeter -       chr6:154216637             26.9              22015000         818941.4
15:17:39.390 INFO  ProgressMeter -       chr6:160678967             27.1              22170000         819439.4
15:17:49.491 INFO  ProgressMeter -       chr6:167152976             27.2              22259000         817641.7
15:17:59.527 INFO  ProgressMeter -         chr7:2375351             27.4              22409000         818125.9
15:18:09.824 INFO  ProgressMeter -         chr7:6621142             27.6              22556000         818363.7
15:18:19.898 INFO  ProgressMeter -        chr7:15169191             27.7              22655000         816979.3
15:18:29.931 INFO  ProgressMeter -        chr7:21773867             27.9              22739000         815098.3
15:18:40.108 INFO  ProgressMeter -        chr7:28165470             28.1              22857000         814371.8
15:18:50.152 INFO  ProgressMeter -        chr7:35204456             28.2              22989000         814218.1
15:19:00.232 INFO  ProgressMeter -        chr7:42340812             28.4              23104000         813451.0
15:19:10.246 INFO  ProgressMeter -        chr7:47831252             28.6              23250000         813809.7
15:19:20.304 INFO  ProgressMeter -        chr7:55446510             28.7              23362000         812959.4
15:19:30.330 INFO  ProgressMeter -        chr7:65840219             28.9              23475000         812169.0
15:19:40.395 INFO  ProgressMeter -        chr7:72496632             29.1              23580000         811094.4
15:19:50.433 INFO  ProgressMeter -        chr7:77196473             29.2              23725000         811412.6
15:20:00.502 INFO  ProgressMeter -        chr7:85825856             29.4              23824000         810149.5
15:20:10.537 INFO  ProgressMeter -        chr7:94211066             29.6              23953000         809929.4
15:20:20.637 INFO  ProgressMeter -        chr7:99525995             29.7              24087000         809850.8
15:20:30.670 INFO  ProgressMeter -       chr7:102337319             29.9              24288000         812043.3
15:20:40.940 INFO  ProgressMeter -       chr7:108538306             30.1              24435000         812309.0
15:20:51.064 INFO  ProgressMeter -       chr7:120076597             30.2              24552000         811646.2
15:21:01.070 INFO  ProgressMeter -       chr7:128887192             30.4              24702000         812127.2
15:21:11.159 INFO  ProgressMeter -       chr7:134652101             30.6              24834000         811978.6
15:21:21.184 INFO  ProgressMeter -       chr7:139936176             30.8              24953000         811436.1
15:21:31.224 INFO  ProgressMeter -       chr7:146130192             30.9              25062000         810576.1
15:21:41.219 INFO  ProgressMeter -       chr7:151237954             31.1              25212000         811051.6
15:21:51.315 INFO  ProgressMeter -       chr7:156959556             31.3              25329000         810429.0
15:22:01.436 INFO  ProgressMeter -         chr8:5290298             31.4              25423000         809069.5
15:22:11.444 INFO  ProgressMeter -        chr8:10898908             31.6              25505000         807394.1
15:22:21.468 INFO  ProgressMeter -        chr8:18655808             31.8              25621000         806798.8
15:22:31.523 INFO  ProgressMeter -        chr8:24485103             31.9              25777000         807449.8
15:22:41.578 INFO  ProgressMeter -        chr8:30974972             32.1              25931000         808032.0
15:22:51.624 INFO  ProgressMeter -        chr8:40212019             32.3              26070000         808147.0
15:23:01.748 INFO  ProgressMeter -        chr8:50378717             32.4              26215000         808413.4
15:23:11.770 INFO  ProgressMeter -        chr8:58603323             32.6              26331000         807829.9
15:23:22.007 INFO  ProgressMeter -        chr8:67911953             32.8              26460000         807560.0
15:23:32.058 INFO  ProgressMeter -        chr8:75190475             32.9              26564000         806610.6
15:23:42.091 INFO  ProgressMeter -        chr8:84447978             33.1              26649000         805103.7
15:23:52.164 INFO  ProgressMeter -        chr8:92661482             33.3              26744000         803897.2
15:24:02.164 INFO  ProgressMeter -       chr8:100137532             33.4              26877000         803867.0
15:24:12.219 INFO  ProgressMeter -       chr8:109163971             33.6              27006000         803696.6
15:24:22.407 INFO  ProgressMeter -       chr8:119243287             33.8              27106000         802617.2
15:24:32.512 INFO  ProgressMeter -       chr8:126925055             33.9              27242000         802641.1
15:24:42.542 INFO  ProgressMeter -       chr8:133288831             34.1              27343000         801668.8
15:24:52.690 INFO  ProgressMeter -       chr8:140593847             34.3              27442000         800601.8
15:25:02.780 INFO  ProgressMeter -           chr9:12042             34.4              27639000         802412.0
15:25:12.861 INFO  ProgressMeter -         chr9:7388035             34.6              27768000         802243.9
15:25:22.906 INFO  ProgressMeter -        chr9:16970139             34.8              27867000         801228.7
15:25:33.024 INFO  ProgressMeter -        chr9:24454395             34.9              27966000         800195.0
15:25:43.132 INFO  ProgressMeter -        chr9:33795415             35.1              28079000         799574.0
15:25:53.262 INFO  ProgressMeter -        chr9:38195129             35.3              28275000         801303.2
15:26:03.285 INFO  ProgressMeter -        chr9:71446568             35.5              28383000         800573.5
15:26:13.306 INFO  ProgressMeter -        chr9:79722900             35.6              28506000         800273.3
15:26:23.476 INFO  ProgressMeter -        chr9:87781219             35.8              28625000         799807.8
15:26:33.490 INFO  ProgressMeter -        chr9:93636430             36.0              28764000         799961.1
15:26:43.547 INFO  ProgressMeter -       chr9:100586346             36.1              28938000         801065.9
15:26:53.620 INFO  ProgressMeter -       chr9:108671973             36.3              29035000         800033.1
15:27:03.639 INFO  ProgressMeter -       chr9:114578590             36.5              29213000         801251.1
15:27:13.689 INFO  ProgressMeter -       chr9:122148186             36.6              29342000         801109.2
15:27:23.753 INFO  ProgressMeter -       chr9:127778385             36.8              29515000         802158.7
15:27:33.845 INFO  ProgressMeter -       chr9:130500819             37.0              29691000         803270.0
15:27:43.855 INFO  ProgressMeter -       chr9:134756630             37.1              29874000         804589.3
15:27:53.877 INFO  ProgressMeter -       chr9:137187314             37.3              30034000         805275.9
15:28:03.942 INFO  ProgressMeter -        chr10:3998706             37.5              30172000         805353.7
15:28:14.020 INFO  ProgressMeter -       chr10:10289592             37.6              30283000         804708.7
15:28:24.189 INFO  ProgressMeter -       chr10:16752648             37.8              30411000         804487.3
15:28:34.534 INFO  ProgressMeter -       chr10:22783629             38.0              30520000         803705.0
15:28:44.595 INFO  ProgressMeter -       chr10:28387471             38.1              30620000         802793.4
15:28:54.658 INFO  ProgressMeter -       chr10:35175511             38.3              30739000         802384.8
15:29:04.771 INFO  ProgressMeter -       chr10:44481993             38.5              30843000         801582.2
15:29:14.769 INFO  ProgressMeter -       chr10:49308227             38.6              30942000         800678.3
15:29:24.773 INFO  ProgressMeter -       chr10:56733627             38.8              31035000         799634.8
15:29:34.912 INFO  ProgressMeter -       chr10:63595017             39.0              31128000         798554.5
15:29:44.942 INFO  ProgressMeter -       chr10:69631701             39.1              31226000         797647.9
15:29:54.944 INFO  ProgressMeter -       chr10:74111783             39.3              31403000         798767.9
15:30:05.012 INFO  ProgressMeter -       chr10:80252657             39.5              31516000         798235.1
15:30:15.103 INFO  ProgressMeter -       chr10:86656185             39.7              31594000         796816.5
15:30:25.288 INFO  ProgressMeter -       chr10:92399968             39.8              31705000         796206.9
15:30:35.323 INFO  ProgressMeter -       chr10:96609780             40.0              31828000         795953.0
15:30:45.381 INFO  ProgressMeter -      chr10:100185414             40.2              31948000         795618.6
15:30:55.435 INFO  ProgressMeter -      chr10:103414059             40.3              32097000         796009.2
15:31:05.475 INFO  ProgressMeter -      chr10:110698125             40.5              32209000         795484.0
15:31:15.506 INFO  ProgressMeter -      chr10:115169183             40.7              32310000         794696.8
15:31:25.607 INFO  ProgressMeter -      chr10:120233480             40.8              32411000         793894.0
15:31:35.910 INFO  ProgressMeter -      chr10:125005699             41.0              32524000         793325.1
15:31:45.922 INFO  ProgressMeter -      chr10:129467298             41.2              32611000         792223.0
15:31:56.244 INFO  ProgressMeter -      chr10:133531804             41.3              32723000         791634.7
15:32:06.307 INFO  ProgressMeter -        chr11:3092642             41.5              32858000         791688.8
15:32:16.392 INFO  ProgressMeter -        chr11:6567303             41.7              33005000         792022.7
15:32:26.413 INFO  ProgressMeter -       chr11:10771555             41.8              33148000         792279.3
15:32:36.414 INFO  ProgressMeter -       chr11:17423632             42.0              33274000         792134.7
15:32:46.445 INFO  ProgressMeter -       chr11:22239684             42.2              33399000         791958.8
15:32:56.455 INFO  ProgressMeter -       chr11:32699117             42.3              33506000         791365.0
15:33:06.539 INFO  ProgressMeter -       chr11:40574850             42.5              33625000         791035.9
15:33:16.590 INFO  ProgressMeter -       chr11:46907973             42.7              33764000         791188.0
15:33:26.592 INFO  ProgressMeter -       chr11:55297460             42.8              33883000         790887.1
15:33:36.616 INFO  ProgressMeter -       chr11:59788651             43.0              34013000         790839.1
15:33:46.648 INFO  ProgressMeter -       chr11:62800378             43.2              34192000         791920.8
15:33:56.681 INFO  ProgressMeter -       chr11:65540265             43.3              34383000         793272.0
15:34:06.864 INFO  ProgressMeter -       chr11:67805218             43.5              34572000         794521.5
15:34:16.962 INFO  ProgressMeter -       chr11:72086220             43.7              34718000         794802.7
15:34:26.995 INFO  ProgressMeter -       chr11:76496151             43.8              34886000         795603.3
15:34:37.084 INFO  ProgressMeter -       chr11:83125924             44.0              35004000         795244.8
15:34:47.166 INFO  ProgressMeter -       chr11:91337001             44.2              35116000         794755.0
15:34:57.251 INFO  ProgressMeter -      chr11:100002039             44.4              35234000         794404.0
15:35:07.295 INFO  ProgressMeter -      chr11:107022693             44.5              35343000         793866.4
15:35:17.356 INFO  ProgressMeter -      chr11:113366116             44.7              35479000         793929.7
15:35:27.401 INFO  ProgressMeter -      chr11:118081688             44.9              35612000         793931.6
15:35:37.495 INFO  ProgressMeter -      chr11:120967255             45.0              35766000         794385.4
15:35:47.499 INFO  ProgressMeter -      chr11:124897004             45.2              35878000         793932.9
15:35:57.515 INFO  ProgressMeter -      chr11:129325732             45.4              35983000         793325.6
15:36:07.524 INFO  ProgressMeter -         chr12:552132             45.5              36120000         793428.2
15:36:17.532 INFO  ProgressMeter -        chr12:6052649             45.7              36279000         794011.3
15:36:27.588 INFO  ProgressMeter -        chr12:9164165             45.9              36462000         795100.3
15:36:37.618 INFO  ProgressMeter -       chr12:14793812             46.0              36579000         794754.2
15:36:47.621 INFO  ProgressMeter -       chr12:22046435             46.2              36679000         794051.0
15:36:57.717 INFO  ProgressMeter -       chr12:30249371             46.4              36795000         793670.8
15:37:07.801 INFO  ProgressMeter -       chr12:39807099             46.5              36892000         792888.7
15:37:17.863 INFO  ProgressMeter -       chr12:46314646             46.7              37012000         792611.3
15:37:27.876 INFO  ProgressMeter -       chr12:49329168             46.9              37139000         792498.7
15:37:37.935 INFO  ProgressMeter -       chr12:52320707             47.0              37287000         792820.6
15:37:47.936 INFO  ProgressMeter -       chr12:55124038             47.2              37455000         793579.9
15:37:57.949 INFO  ProgressMeter -       chr12:57575586             47.4              37654000         794985.3
15:38:07.962 INFO  ProgressMeter -       chr12:64488543             47.5              37762000         794467.6
15:38:17.996 INFO  ProgressMeter -       chr12:70524552             47.7              37869000         793924.1
15:38:28.017 INFO  ProgressMeter -       chr12:79215090             47.9              37977000         793410.4
15:38:38.059 INFO  ProgressMeter -       chr12:85445992             48.0              38050000         792165.6
15:38:48.183 INFO  ProgressMeter -       chr12:94259379             48.2              38145000         791363.2
15:38:58.188 INFO  ProgressMeter -      chr12:100971442             48.4              38274000         791302.3
15:39:08.200 INFO  ProgressMeter -      chr12:106376518             48.5              38399000         791156.9
15:39:18.241 INFO  ProgressMeter -      chr12:110019143             48.7              38523000         790984.5
15:39:28.277 INFO  ProgressMeter -      chr12:114362337             48.9              38693000         791755.8
15:39:38.321 INFO  ProgressMeter -      chr12:120130559             49.0              38815000         791541.1
15:39:48.570 INFO  ProgressMeter -      chr12:123441619             49.2              38987000         792297.4
15:39:58.638 INFO  ProgressMeter -      chr12:129565539             49.4              39099000         791864.3
15:40:08.812 INFO  ProgressMeter -      chr12:132775313             49.5              39199000         791173.6
15:40:18.823 INFO  ProgressMeter -       chr13:21648831             49.7              39304000         790629.5
15:40:28.919 INFO  ProgressMeter -       chr13:26969792             49.9              39412000         790127.9
15:40:38.961 INFO  ProgressMeter -       chr13:33717381             50.0              39546000         790162.8
15:40:49.147 INFO  ProgressMeter -       chr13:41833360             50.2              39673000         790020.3
15:40:59.157 INFO  ProgressMeter -       chr13:49700911             50.4              39815000         790222.7
15:41:09.224 INFO  ProgressMeter -       chr13:59774886             50.6              39927000         789815.7
15:41:19.302 INFO  ProgressMeter -       chr13:71975273             50.7              40003000         788698.3
15:41:29.358 INFO  ProgressMeter -       chr13:78604172             50.9              40092000         787849.9
15:41:39.364 INFO  ProgressMeter -       chr13:87872386             51.1              40153000         786471.2
15:41:49.377 INFO  ProgressMeter -       chr13:98010027             51.2              40249000         785783.1
15:41:59.607 INFO  ProgressMeter -      chr13:105632335             51.4              40380000         785724.9
15:42:09.730 INFO  ProgressMeter -      chr13:112569302             51.6              40485000         785190.3
15:42:19.731 INFO  ProgressMeter -       chr14:21326027             51.7              40647000         785792.2
15:42:29.760 INFO  ProgressMeter -       chr14:24574405             51.9              40890000         787943.5
15:42:39.768 INFO  ProgressMeter -       chr14:34722740             52.1              41006000         787647.9
15:42:49.827 INFO  ProgressMeter -       chr14:43711851             52.2              41111000         787129.3
15:42:59.837 INFO  ProgressMeter -       chr14:52274756             52.4              41246000         787199.5
15:43:09.864 INFO  ProgressMeter -       chr14:60369740             52.6              41393000         787493.6
15:43:19.974 INFO  ProgressMeter -       chr14:67748404             52.7              41562000         788182.1
15:43:30.066 INFO  ProgressMeter -       chr14:73955369             52.9              41729000         788833.2
15:43:40.179 INFO  ProgressMeter -       chr14:78726335             53.1              41898000         789511.9
15:43:50.182 INFO  ProgressMeter -       chr14:88437599             53.2              41985000         788673.9
15:44:00.193 INFO  ProgressMeter -       chr14:95328900             53.4              42128000         788887.5
15:44:10.221 INFO  ProgressMeter -      chr14:101406989             53.6              42265000         788983.7
15:44:20.330 INFO  ProgressMeter -      chr14:105246887             53.7              42438000         789729.1
15:44:30.349 INFO  ProgressMeter -       chr15:25269656             53.9              42539000         789156.6
15:44:40.360 INFO  ProgressMeter -       chr15:35011399             54.1              42655000         788866.5
15:44:50.406 INFO  ProgressMeter -       chr15:41467908             54.2              42801000         789123.4
15:45:00.409 INFO  ProgressMeter -       chr15:43897949             54.4              42987000         790123.8
15:45:10.512 INFO  ProgressMeter -       chr15:50612622             54.6              43135000         790398.1
15:45:20.532 INFO  ProgressMeter -       chr15:57708981             54.7              43278000         790598.8
15:45:30.640 INFO  ProgressMeter -       chr15:63154007             54.9              43393000         790267.6
15:45:40.640 INFO  ProgressMeter -       chr15:67373322             55.1              43540000         790545.2
15:45:50.650 INFO  ProgressMeter -       chr15:73645646             55.2              43700000         791054.0
15:46:00.749 INFO  ProgressMeter -       chr15:77464302             55.4              43854000         791430.4
15:46:10.858 INFO  ProgressMeter -       chr15:82659509             55.6              43995000         791568.1
15:46:20.908 INFO  ProgressMeter -       chr15:88824075             55.7              44124000         791504.0
15:46:30.952 INFO  ProgressMeter -       chr15:92981276             55.9              44279000         791906.2
15:46:41.238 INFO  ProgressMeter -      chr15:100759172             56.1              44386000         791397.2
15:46:51.261 INFO  ProgressMeter -        chr16:1342981             56.3              44532000         791639.4
15:47:01.262 INFO  ProgressMeter -        chr16:3925707             56.4              44746000         793093.2
15:47:11.277 INFO  ProgressMeter -        chr16:9194181             56.6              44859000         792750.7
15:47:21.582 INFO  ProgressMeter -       chr16:17094506             56.8              44970000         792307.3
15:47:31.587 INFO  ProgressMeter -       chr16:21636881             56.9              45099000         792252.7
15:47:41.589 INFO  ProgressMeter -       chr16:27628708             57.1              45264000         792829.5
15:47:51.615 INFO  ProgressMeter -       chr16:30896548             57.3              45442000         793624.5
15:48:01.616 INFO  ProgressMeter -       chr16:48087878             57.4              45588000         793863.1
15:48:11.624 INFO  ProgressMeter -       chr16:54139403             57.6              45712000         793717.0
15:48:21.711 INFO  ProgressMeter -       chr16:58014184             57.8              45858000         793934.5
15:48:31.772 INFO  ProgressMeter -       chr16:66853303             57.9              45967000         793518.2
15:48:42.046 INFO  ProgressMeter -       chr16:70051772             58.1              46162000         794535.6
15:48:52.087 INFO  ProgressMeter -       chr16:74675086             58.3              46312000         794828.1
15:49:02.102 INFO  ProgressMeter -       chr16:81220322             58.4              46432000         794611.1
15:49:12.153 INFO  ProgressMeter -       chr16:86366652             58.6              46563000         794575.3
15:49:22.174 INFO  ProgressMeter -       chr16:89729211             58.8              46704000         794716.4
15:49:32.181 INFO  ProgressMeter -        chr17:3683085             58.9              46847000         794893.8
15:49:42.216 INFO  ProgressMeter -        chr17:6759037             59.1              47019000         795554.4
15:49:52.258 INFO  ProgressMeter -        chr17:8874198             59.3              47219000         796682.5
15:50:02.414 INFO  ProgressMeter -       chr17:14547746             59.4              47361000         796803.7
15:50:12.425 INFO  ProgressMeter -       chr17:18583464             59.6              47518000         797206.3
15:50:22.460 INFO  ProgressMeter -       chr17:28512560             59.8              47682000         797719.4
15:50:32.464 INFO  ProgressMeter -       chr17:32771183             59.9              47877000         798753.4
15:50:42.601 INFO  ProgressMeter -       chr17:40289344             60.1              48049000         799370.0
15:50:52.603 INFO  ProgressMeter -       chr17:43813953             60.3              48261000         800676.2
15:51:02.652 INFO  ProgressMeter -       chr17:49476975             60.4              48475000         801998.4
15:51:12.697 INFO  ProgressMeter -       chr17:55775355             60.6              48628000         802307.4
15:51:22.735 INFO  ProgressMeter -       chr17:61847068             60.8              48803000         802978.1
15:51:32.738 INFO  ProgressMeter -       chr17:67535323             60.9              48988000         803817.0
15:51:42.743 INFO  ProgressMeter -       chr17:74446901             61.1              49140000         804111.2
15:51:52.879 INFO  ProgressMeter -       chr17:77921752             61.3              49355000         805402.8
15:52:02.908 INFO  ProgressMeter -       chr17:81443564             61.4              49535000         806141.2
15:52:12.929 INFO  ProgressMeter -        chr18:3680274             61.6              49720000         806958.8
15:52:23.062 INFO  ProgressMeter -       chr18:11933442             61.8              49868000         807148.3
15:52:33.068 INFO  ProgressMeter -       chr18:23839783             61.9              50017000         807380.8
15:52:43.120 INFO  ProgressMeter -       chr18:32310338             62.1              50144000         807247.6
15:52:53.206 INFO  ProgressMeter -       chr18:44671458             62.3              50274000         807156.1
15:53:03.533 INFO  ProgressMeter -       chr18:51276328             62.5              50417000         807221.3
15:53:13.590 INFO  ProgressMeter -       chr18:61253871             62.6              50547000         807136.9
15:53:23.680 INFO  ProgressMeter -       chr18:70325307             62.8              50652000         806647.2
15:53:33.726 INFO  ProgressMeter -       chr18:78416193             63.0              50749000         806042.7
15:53:43.752 INFO  ProgressMeter -        chr19:1631954             63.1              50877000         805936.7
15:53:53.771 INFO  ProgressMeter -        chr19:4431952             63.3              51054000         806607.0
15:54:03.899 INFO  ProgressMeter -        chr19:7927996             63.5              51271000         807880.8
15:54:13.924 INFO  ProgressMeter -       chr19:10557745             63.6              51469000         808871.2
15:54:24.078 INFO  ProgressMeter -       chr19:13299070             63.8              51677000         809986.0
15:54:34.115 INFO  ProgressMeter -       chr19:16077323             64.0              51843000         810462.7
15:54:44.127 INFO  ProgressMeter -       chr19:19104932             64.1              52053000         811628.4
15:54:54.284 INFO  ProgressMeter -       chr19:27281409             64.3              52221000         812104.9
15:55:04.305 INFO  ProgressMeter -       chr19:33712448             64.5              52356000         812094.5
15:55:14.328 INFO  ProgressMeter -       chr19:37536950             64.6              52550000         812997.2
15:55:24.328 INFO  ProgressMeter -       chr19:40578491             64.8              52754000         814054.1
15:55:34.367 INFO  ProgressMeter -       chr19:43948125             65.0              52960000         815128.5
15:55:44.428 INFO  ProgressMeter -       chr19:47320046             65.1              53164000         816162.2
15:55:54.443 INFO  ProgressMeter -       chr19:49901722             65.3              53377000         817337.5
15:56:04.467 INFO  ProgressMeter -       chr19:52864105             65.5              53565000         818123.1
15:56:14.534 INFO  ProgressMeter -       chr19:56980412             65.6              53755000         818926.4
15:56:24.535 INFO  ProgressMeter -        chr20:2212679             65.8              53939000         819648.2
15:56:34.595 INFO  ProgressMeter -        chr20:9171897             66.0              54117000         820263.4
15:56:44.605 INFO  ProgressMeter -       chr20:17659964             66.1              54233000         819948.2
15:56:54.685 INFO  ProgressMeter -       chr20:25032360             66.3              54370000         819936.7
15:57:04.688 INFO  ProgressMeter -       chr20:33770213             66.5              54548000         820558.4
15:57:14.775 INFO  ProgressMeter -       chr20:38324831             66.6              54747000         821474.0
15:57:24.864 INFO  ProgressMeter -       chr20:45007780             66.8              54906000         821786.4
15:57:34.902 INFO  ProgressMeter -       chr20:49823339             67.0              55087000         822436.1
15:57:44.931 INFO  ProgressMeter -       chr20:58153563             67.1              55251000         822831.4
15:57:54.938 INFO  ProgressMeter -       chr20:63533486             67.3              55421000         823318.1
15:58:05.020 INFO  ProgressMeter -       chr21:17518478             67.5              55541000         823046.1
15:58:15.045 INFO  ProgressMeter -       chr21:28696724             67.6              55629000         822314.1
15:58:25.147 INFO  ProgressMeter -       chr21:36488875             67.8              55810000         822941.5
15:58:35.174 INFO  ProgressMeter -       chr21:43644224             68.0              55985000         823492.7
15:58:45.236 INFO  ProgressMeter -       chr22:17120497             68.2              56169000         824166.2
15:58:55.267 INFO  ProgressMeter -       chr22:22666117             68.3              56381000         825252.5
15:59:05.286 INFO  ProgressMeter -       chr22:27887567             68.5              56546000         825649.6
15:59:15.324 INFO  ProgressMeter -       chr22:32683241             68.7              56756000         826696.6
15:59:25.329 INFO  ProgressMeter -       chr22:38110235             68.8              56921000         827091.1
15:59:35.334 INFO  ProgressMeter -       chr22:42065786             69.0              57104000         827744.4
15:59:45.347 INFO  ProgressMeter -       chr22:47629449             69.2              57280000         828291.9
15:59:55.377 INFO  ProgressMeter -         chrX:3796582             69.3              57478000         829150.7
16:00:05.395 INFO  ProgressMeter -        chrX:15384988             69.5              57644000         829547.3
16:00:15.419 INFO  ProgressMeter -        chrX:24311005             69.7              57821000         830099.0
16:00:25.427 INFO  ProgressMeter -        chrX:35400788             69.8              57942000         829848.7
16:00:35.451 INFO  ProgressMeter -        chrX:45069548             70.0              58097000         830082.4
16:00:45.462 INFO  ProgressMeter -        chrX:51408066             70.2              58325000         831358.6
16:00:55.545 INFO  ProgressMeter -        chrX:65454772             70.3              58514000         832059.3
16:01:05.559 INFO  ProgressMeter -        chrX:73660547             70.5              58713000         832912.3
16:01:15.835 INFO  ProgressMeter -        chrX:88160230             70.7              58884000         833313.3
16:01:25.966 INFO  ProgressMeter -       chrX:102134590             70.8              59026000         833332.0
16:01:35.966 INFO  ProgressMeter -       chrX:112791738             71.0              59227000         834206.6
16:01:45.974 INFO  ProgressMeter -       chrX:124420078             71.2              59402000         834710.2
16:01:56.038 INFO  ProgressMeter -       chrX:135905112             71.3              59579000         835228.8
16:02:06.049 INFO  ProgressMeter -       chrX:148006960             71.5              59726000         835335.7
16:02:16.066 INFO  ProgressMeter -       chrX:155067507             71.7              59966000         836738.6
16:02:26.270 INFO  ProgressMeter - chrUn_GL000195v1:80497             71.8              60058000         836038.4
16:02:36.436 INFO  ProgressMeter - chr11_JH159137v1_alt:18295             72.0              60108000         834765.5
16:02:46.508 INFO  ProgressMeter - chr5_KI270897v1_alt:985941             72.2              60128000         833101.1
16:02:57.161 INFO  ProgressMeter - chr6_GL000256v2_alt:1643925             72.4              60147000         831319.2
16:03:07.229 INFO  ProgressMeter - chrUn_JTFH01000486v1_decoy:173             72.5              60194000         830044.3
16:03:21.845 INFO  BaseRecalibrator - 6570317 read(s) filtered by: MappingQualityNotZeroReadFilter 
0 read(s) filtered by: MappingQualityAvailableReadFilter 
0 read(s) filtered by: MappedReadFilter 
0 read(s) filtered by: NotSecondaryAlignmentReadFilter 
0 read(s) filtered by: NotDuplicateReadFilter 
0 read(s) filtered by: PassesVendorQualityCheckReadFilter 
0 read(s) filtered by: WellformedReadFilter 
6570317 total reads filtered out of 66793182 reads processed
16:03:21.845 INFO  ProgressMeter - chrUn_JTFH01001972v1_decoy:1307             72.8              60222865         827661.6
16:03:21.846 INFO  ProgressMeter - Traversal complete. Processed 60222865 total reads in 72.8 minutes.
16:03:22.123 INFO  BaseRecalibrator - Calculating quantized quality scores...
16:03:22.144 INFO  BaseRecalibrator - Writing recalibration report...
16:03:24.520 INFO  BaseRecalibrator - ...done!
16:03:24.522 INFO  BaseRecalibrator - BaseRecalibrator was able to recalibrate 60222865 reads
16:03:24.522 INFO  BaseRecalibrator - Shutting down engine
[May 24, 2023 at 4:03:24 PM CST] org.broadinstitute.hellbender.tools.walkers.bqsr.BaseRecalibrator done. Elapsed time: 72.89 minutes.
Runtime.totalMemory()=810549248
Tool returned:
SUCCESS
