[2023-05-24 17:39:00,662] multiqc                                            [DEBUG  ]  This is MultiQC v1.14
[2023-05-24 17:39:00,662] multiqc                                            [DEBUG  ]  Command used: /home/victor/Project/WES/.snakemake/conda/518ce073341c430d25f85c55398d7ad5_/bin/multiqc --force -o report -n prepare_multiqc.html results/prepared
[2023-05-24 17:39:02,068] multiqc                                            [DEBUG  ]  Latest MultiQC version is v1.14
[2023-05-24 17:39:02,068] multiqc                                            [DEBUG  ]  Working dir : /home/victor/Project/WES
[2023-05-24 17:39:02,068] multiqc                                            [DEBUG  ]  Template    : default
[2023-05-24 17:39:02,068] multiqc                                            [DEBUG  ]  Running Python 3.11.3 | packaged by conda-forge | (main, Apr  6 2023, 08:57:19) [GCC 11.3.0]
[2023-05-24 17:39:02,069] multiqc                                            [DEBUG  ]  Analysing modules: custom_content, ccs, ngsderive, purple, conpair, lima, peddy, somalier, methylQA, mosdepth, phantompeakqualtools, qualimap, preseq, hifiasm, quast, qorts, rna_seqc, rockhopper, rsem, rseqc, busco, bustools, goleft_indexcov, gffcompare, disambiguate, supernova, deeptools, sargasso, verifybamid, mirtrace, happy, mirtop, sambamba, gopeaks, homer, hops, macs2, theta2, snpeff, gatk, htseq, bcftools, featureCounts, fgbio, dragen, dragen_fastqc, dedup, pbmarkdup, damageprofiler, biobambam2, jcvi, mtnucratio, picard, vep, sentieon, prokka, qc3C, nanostat, samblaster, samtools, sexdeterrmine, eigenstratdatabasetools, bamtools, jellyfish, vcftools, longranger, stacks, varscan2, snippy, umitools, bbmap, bismark, biscuit, diamond, hicexplorer, hicup, hicpro, salmon, kallisto, slamdunk, star, hisat2, tophat, bowtie2, bowtie1, cellranger, snpsplit, odgi, pangolin, nextclade, humid, kat, leehom, adapterRemoval, bbduk, clipandmerge, cutadapt, flexbar, kaiju, kraken, malt, motus, trimmomatic, sickle, skewer, sortmerna, biobloomtools, fastq_screen, afterqc, fastp, fastqc, filtlong, prinseqplusplus, pychopper, porechop, pycoqc, minionqc, anglerfish, multivcfanalyzer, clusterflow, checkqc, bcl2fastq, bclconvert, interop, ivar, flash, seqyclean, optitype, whatshap
[2023-05-24 17:39:02,069] multiqc                                            [DEBUG  ]  Using temporary directory for creating report: /tmp/tmpjvj_3vvu
[2023-05-24 17:39:03,786] multiqc                                            [INFO   ]  Search path : /home/victor/Project/WES/results/prepared
[2023-05-24 17:39:04,051] multiqc                                            [DEBUG  ]  Summary of files that were skipped by the search: [skipped_file_contents_search_errors: 343] // [skipped_module_specific_max_filesize: 23] // [skipped_no_match: 6] // [skipped_filesize_limit: 4]
[2023-05-24 17:39:13,632] multiqc.plots.bargraph                             [DEBUG  ]  Using matplotlib version 3.7.1
[2023-05-24 17:39:13,868] multiqc.plots.linegraph                            [DEBUG  ]  Using matplotlib version 3.7.1
[2023-05-24 17:39:13,899] multiqc                                            [DEBUG  ]  No samples found: custom_content
[2023-05-24 17:39:14,648] multiqc.modules.gatk.base_recalibrator             [INFO   ]  Found 2 BaseRecalibrator reports
[2023-05-24 17:39:15,079] multiqc.modules.samtools.samtools                  [INFO   ]  Found 2 stats reports
[2023-05-24 17:39:15,090] multiqc                                            [INFO   ]  Compressing plot data
[2023-05-24 17:39:15,251] multiqc                                            [INFO   ]  Report      : report/prepare_multiqc.html
[2023-05-24 17:39:15,251] multiqc                                            [INFO   ]  Data        : report/prepare_multiqc_data
[2023-05-24 17:39:15,251] multiqc                                            [DEBUG  ]  Moving data file from '/tmp/tmpjvj_3vvu/multiqc_data' to 'report/prepare_multiqc_data'
[2023-05-24 17:39:16,992] multiqc                                            [INFO   ]  MultiQC complete
