Detecting adapter sequence for read1...
No adapter detected for read1

WARNING: fastp uses up to 16 threads although you specified 20
Read1 before filtering:
total reads: 130085314
total bases: 12970724283
Q20 bases: 12682234268(97.7758%)
Q30 bases: 12198890858(94.0494%)

Read1 after filtering:
total reads: 130085314
total bases: 12970724283
Q20 bases: 12682234268(97.7758%)
Q30 bases: 12198890858(94.0494%)

Filtering result:
reads passed filter: 130085314
reads failed due to low quality: 0
reads failed due to too many N: 0
reads failed due to too short: 0
reads with adapter trimmed: 0
bases trimmed due to adapters: 0

Duplication rate (may be overestimated since this is SE data): 28.2546%

JSON report: report/SRR24443168.fastp.json
HTML report: report/SRR24443168.fastp.html

fastp --thread 20 --in1 raw/SRR24443168.fastq.gz --out1 results/trimmed/SRR24443168.fastq.gz --json report/SRR24443168.fastp.json --html report/SRR24443168.fastp.html 
fastp v0.23.2, time used: 946 seconds
