Using GATK jar /home/victor/Project/WES/.snakemake/conda/ad8a041d8ab2b6159985f26b3200d65e_/share/gatk4-4.4.0.0-0/gatk-package-4.4.0.0-local.jar
Running:
    java -Dsamjdk.use_async_io_read_samtools=false -Dsamjdk.use_async_io_write_samtools=true -Dsamjdk.use_async_io_write_tribble=false -Dsamjdk.compression_level=2 -Xmx819M -jar /home/victor/Project/WES/.snakemake/conda/ad8a041d8ab2b6159985f26b3200d65e_/share/gatk4-4.4.0.0-0/gatk-package-4.4.0.0-local.jar GenotypeGVCFs --variant gendb://results/called/db --reference /home/victor/DataHub/GATK/Homo_sapiens_assembly38.fasta --intervals config/captured_regions.bed --tmp-dir /tmp/tmp4jndwxkq --output results/called/all.vcf.gz
17:38:26.695 INFO  NativeLibraryLoader - Loading libgkl_compression.so from jar:file:/home/victor/Project/WES/.snakemake/conda/ad8a041d8ab2b6159985f26b3200d65e_/share/gatk4-4.4.0.0-0/gatk-package-4.4.0.0-local.jar!/com/intel/gkl/native/libgkl_compression.so
17:38:26.907 INFO  GenotypeGVCFs - ------------------------------------------------------------
17:38:26.912 INFO  GenotypeGVCFs - The Genome Analysis Toolkit (GATK) v4.4.0.0
17:38:26.913 INFO  GenotypeGVCFs - For support and documentation go to https://software.broadinstitute.org/gatk/
17:38:26.913 INFO  GenotypeGVCFs - Executing as victor@shpc-1385-instance-rVoBySAX on Linux v5.15.0-71-generic amd64
17:38:26.913 INFO  GenotypeGVCFs - Java runtime: OpenJDK 64-Bit Server VM v17.0.3-internal+0-adhoc..src
17:38:26.913 INFO  GenotypeGVCFs - Start Date/Time: May 24, 2023 at 5:38:26 PM CST
17:38:26.914 INFO  GenotypeGVCFs - ------------------------------------------------------------
17:38:26.914 INFO  GenotypeGVCFs - ------------------------------------------------------------
17:38:26.915 INFO  GenotypeGVCFs - HTSJDK Version: 3.0.5
17:38:26.918 INFO  GenotypeGVCFs - Picard Version: 3.0.0
17:38:26.918 INFO  GenotypeGVCFs - Built for Spark Version: 3.3.1
17:38:26.918 INFO  GenotypeGVCFs - HTSJDK Defaults.COMPRESSION_LEVEL : 2
17:38:26.922 INFO  GenotypeGVCFs - HTSJDK Defaults.USE_ASYNC_IO_READ_FOR_SAMTOOLS : false
17:38:26.922 INFO  GenotypeGVCFs - HTSJDK Defaults.USE_ASYNC_IO_WRITE_FOR_SAMTOOLS : true
17:38:26.923 INFO  GenotypeGVCFs - HTSJDK Defaults.USE_ASYNC_IO_WRITE_FOR_TRIBBLE : false
17:38:26.923 INFO  GenotypeGVCFs - Deflater: IntelDeflater
17:38:26.923 INFO  GenotypeGVCFs - Inflater: IntelInflater
17:38:26.924 INFO  GenotypeGVCFs - GCS max retries/reopens: 20
17:38:26.924 INFO  GenotypeGVCFs - Requester pays: disabled
17:38:26.925 INFO  GenotypeGVCFs - Initializing engine
17:38:28.551 INFO  GenomicsDBLibLoader - GenomicsDB native library version : 1.4.4-ce4e1b9
17:38:28.720 INFO  NativeGenomicsDB - pid=1637286 tid=1637287 No valid combination operation found for INFO field DB  - the field will NOT be part of INFO fields in the generated VCF records
17:38:28.720 INFO  NativeGenomicsDB - pid=1637286 tid=1637287 No valid combination operation found for INFO field InbreedingCoeff  - the field will NOT be part of INFO fields in the generated VCF records
17:38:28.720 INFO  NativeGenomicsDB - pid=1637286 tid=1637287 No valid combination operation found for INFO field MLEAC  - the field will NOT be part of INFO fields in the generated VCF records
17:38:28.720 INFO  NativeGenomicsDB - pid=1637286 tid=1637287 No valid combination operation found for INFO field MLEAF  - the field will NOT be part of INFO fields in the generated VCF records
17:38:29.213 INFO  FeatureManager - Using codec BEDCodec to read file file:///home/victor/Project/WES/config/captured_regions.bed
17:38:29.227 INFO  IntervalArgumentCollection - Processing 58989998 bp from intervals
17:38:29.350 INFO  GenotypeGVCFs - Done initializing engine
17:38:29.839 INFO  ProgressMeter - Starting traversal
17:38:29.840 INFO  ProgressMeter -        Current Locus  Elapsed Minutes    Variants Processed  Variants/Minute
17:38:38.274 WARN  InbreedingCoeff - InbreedingCoeff will not be calculated at position chr1:69511 and possibly subsequent; at least 10 samples must have called genotypes
17:38:40.042 INFO  ProgressMeter -          chr1:875094              0.2                  4000          23543.3
17:38:50.109 INFO  ProgressMeter -         chr1:1807937              0.3                105000         310926.9
17:39:00.364 INFO  ProgressMeter -         chr1:3839236              0.5                246000         483680.7
17:39:10.378 INFO  ProgressMeter -         chr1:6201947              0.7                369000         546248.6
17:39:20.420 INFO  ProgressMeter -         chr1:8204105              0.8                508000         602693.1
17:39:30.483 INFO  ProgressMeter -        chr1:10211980              1.0                656000         649130.0
17:39:40.513 INFO  ProgressMeter -        chr1:11950841              1.2                809000         686903.0
17:39:50.549 INFO  ProgressMeter -        chr1:15270066              1.3                971000         721924.1
17:40:00.550 INFO  ProgressMeter -        chr1:17223648              1.5               1141000         754779.4
17:40:10.609 INFO  ProgressMeter -        chr1:19908975              1.7               1334000         794355.0
17:40:21.250 INFO  ProgressMeter -        chr1:21680641              1.9               1457000         784718.5
17:40:31.284 INFO  ProgressMeter -        chr1:23816657              2.0               1624000         802391.4
17:40:41.288 INFO  ProgressMeter -        chr1:26062285              2.2               1782000         813451.0
17:40:51.292 INFO  ProgressMeter -        chr1:27914453              2.4               1942000         823788.9
17:41:01.373 INFO  ProgressMeter -        chr1:30467508              2.5               2102000         832332.4
17:41:11.616 INFO  ProgressMeter -        chr1:32368872              2.7               2250000         834523.3
17:41:21.647 INFO  ProgressMeter -        chr1:35358906              2.9               2425000         846915.0
17:41:31.667 INFO  ProgressMeter -        chr1:37808539              3.0               2596000         856671.4
17:41:41.786 INFO  ProgressMeter -        chr1:40310564              3.2               2767000         864962.3
17:41:51.804 INFO  ProgressMeter -        chr1:42923431              3.4               2917000         866620.1
17:42:01.826 INFO  ProgressMeter -        chr1:44997131              3.5               3073000         869807.2
17:42:11.856 INFO  ProgressMeter -        chr1:47968840              3.7               3260000         881045.4
17:42:21.881 INFO  ProgressMeter -        chr1:51872736              3.9               3408000         881250.2
17:42:31.889 INFO  ProgressMeter -        chr1:53991682              4.0               3554000         881004.1
17:42:41.904 INFO  ProgressMeter -        chr1:57569038              4.2               3724000         886466.2
GENOMICSDB_TIMER,GenomicsDB iterator next() timer,Wall-clock time(s),111.91036663500476,Cpu time(s),80.19049955902138
17:42:44.407 INFO  ProgressMeter -        chr1:58993858              4.2               3770206         888644.1
17:42:44.407 INFO  ProgressMeter - Traversal complete. Processed 3770206 total variants in 4.2 minutes.
17:42:44.430 INFO  GenotypeGVCFs - Shutting down engine
[May 24, 2023 at 5:42:44 PM CST] org.broadinstitute.hellbender.tools.walkers.GenotypeGVCFs done. Elapsed time: 4.30 minutes.
Runtime.totalMemory()=476053504
